Reading pref.tcl

# 2024.2

# vsim -c -voptargs="+acc" tb_top "+TIMEOUT=1000000" "+num_of_testcases=4" "+test_mode=1" "+epsilon_mult=1.0" "+input_dir=../inputs" "+info_level=0" -do "run -all" 
# Start time: 20:22:52 on Nov 27,2024
# ** Note: (vsim-3812) Design is being optimized...
# ** Warning: (vopt-10587) Some optimizations are turned off because the +acc switch is in effect. This will cause your simulation to run slowly. Please use -access/-debug to maintain needed visibility. The +acc switch would be deprecated in a future release.
# ** Note: (vopt-143) Recognized 1 FSM in module "MyMAC(fast)".
# ** Note: (vopt-143) Recognized 1 FSM in module "MyDesign(fast)".
# ** Note: (vsim-12126) Error and warning message counts have been restored: Errors=0, Warnings=1.
# //  Questa Sim
# //  Version 2024.2 linux May 20 2024
# //
# // Unpublished work. Copyright 2024 Siemens
# //
# // This material contains trade secrets or otherwise confidential information
# // owned by Siemens Industry Software Inc. or its affiliates (collectively,
# // "SISW"), or its licensors. Access to and use of this information is strictly
# // limited as set forth in the Customer's applicable agreements with SISW.
# //
# // This material may not be copied, distributed, or otherwise disclosed outside
# // of the Customer's facilities without the express written permission of SISW,
# // and may not be used in any way not expressly authorized by SISW.
# //
# Loading sv_std.std
# Loading work.tb_top(fast)
# Loading work.sram(fast)
# Loading work.sram(fast__1)
# Loading work.sram(fast__2)
# Loading work.MyDesign(fast)
# Loading work.MyMAC(fast)
# Loading work.DW_fp_mac_inst(fast)
# Loading work.DW_fp_mac(fast)
# Loading work.DW_fp_dp2(fast)
# run -all
# INFO: number of testcases:           4
# INFO: DONE WITH RESETING DUT
# INFO:LVL0: ######## Running Test: 1 ########
# INFO: Reading memory file: ../inputs/proj_int_test_self_attn_1_input.dat
# INFO: Reading memory file: ../inputs/proj_int_test_self_attn_1_weight.dat
# INFO: reading ../inputs/proj_int_test_self_attn_1_result.dat
# INFO: Dimension of result matrix [          2,           4]
# ---------------- Checking the Query matrix result------------------  
# [          0]: ERROR: SRAM result entry is missing
# [          1]: ERROR: SRAM result entry is missing
# [          2]: ERROR: SRAM result entry is missing
# [          3]: ERROR: SRAM result entry is missing
# [          4]: ERROR: SRAM result entry is missing
# [          5]: ERROR: SRAM result entry is missing
# [          6]: ERROR: SRAM result entry is missing
# [          7]: ERROR: SRAM result entry is missing
# ---------------- Checking the Key matrix result------------------  
# [          8]: ERROR: SRAM result entry is missing
# [          9]: ERROR: SRAM result entry is missing
# [         10]: ERROR: SRAM result entry is missing
# [         11]: ERROR: SRAM result entry is missing
# [         12]: ERROR: SRAM result entry is missing
# [         13]: ERROR: SRAM result entry is missing
# [         14]: ERROR: SRAM result entry is missing
# [         15]: ERROR: SRAM result entry is missing
# ---------------- Checking the Value matrix result------------------  
# [         16]: ERROR: SRAM result entry is missing
# [         17]: ERROR: SRAM result entry is missing
# [         18]: ERROR: SRAM result entry is missing
# [         19]: ERROR: SRAM result entry is missing
# [         20]: ERROR: SRAM result entry is missing
# [         21]: ERROR: SRAM result entry is missing
# [         22]: ERROR: SRAM result entry is missing
# [         23]: ERROR: SRAM result entry is missing
# ---------------- Checking the Score matrix result------------------  
# [         24]: ERROR: SRAM result entry is missing
# [         25]: ERROR: SRAM result entry is missing
# [         26]: ERROR: SRAM result entry is missing
# [         27]: ERROR: SRAM result entry is missing
# ---------------- Checking the Attention matrix result------------------  
# [         28]: ERROR: SRAM result entry is missing
# [         29]: ERROR: SRAM result entry is missing
# [         30]: ERROR: SRAM result entry is missing
# [         31]: ERROR: SRAM result entry is missing
# [         32]: ERROR: SRAM result entry is missing
# [         33]: ERROR: SRAM result entry is missing
# [         34]: ERROR: SRAM result entry is missing
# [         35]: ERROR: SRAM result entry is missing
# INFO:LVL0: ######## Running Test: 2 ########
# INFO: Reading memory file: ../inputs/proj_int_test_self_attn_2_input.dat
# INFO: Reading memory file: ../inputs/proj_int_test_self_attn_2_weight.dat
# INFO: reading ../inputs/proj_int_test_self_attn_2_result.dat
# INFO: Dimension of result matrix [          2,           2]
# ---------------- Checking the Query matrix result------------------  
# [          0]: ERROR: SRAM result entry is missing
# [          1]: ERROR: SRAM result entry is missing
# [          2]: ERROR: SRAM result entry is missing
# [          3]: ERROR: SRAM result entry is missing
# ---------------- Checking the Key matrix result------------------  
# [          4]: ERROR: SRAM result entry is missing
# [          5]: ERROR: SRAM result entry is missing
# [          6]: ERROR: SRAM result entry is missing
# [          7]: ERROR: SRAM result entry is missing
# ---------------- Checking the Value matrix result------------------  
# [          8]: ERROR: SRAM result entry is missing
# [          9]: ERROR: SRAM result entry is missing
# [         10]: ERROR: SRAM result entry is missing
# [         11]: ERROR: SRAM result entry is missing
# ---------------- Checking the Score matrix result------------------  
# [         12]: ERROR: SRAM result entry is missing
# [         13]: ERROR: SRAM result entry is missing
# [         14]: ERROR: SRAM result entry is missing
# [         15]: ERROR: SRAM result entry is missing
# ---------------- Checking the Attention matrix result------------------  
# [         16]: ERROR: SRAM result entry is missing
# [         17]: ERROR: SRAM result entry is missing
# [         18]: ERROR: SRAM result entry is missing
# [         19]: ERROR: SRAM result entry is missing
# INFO:LVL0: ######## Running Test: 3 ########
# INFO: Reading memory file: ../inputs/proj_int_test_self_attn_3_input.dat
# INFO: Reading memory file: ../inputs/proj_int_test_self_attn_3_weight.dat
# INFO: reading ../inputs/proj_int_test_self_attn_3_result.dat
# INFO: Dimension of result matrix [          8,           2]
# ---------------- Checking the Query matrix result------------------  
# [          0]: ERROR: SRAM result entry is missing
# [          1]: ERROR: SRAM result entry is missing
# [          2]: ERROR: SRAM result entry is missing
# [          3]: ERROR: SRAM result entry is missing
# [          4]: ERROR: SRAM result entry is missing
# [          5]: ERROR: SRAM result entry is missing
# [          6]: ERROR: SRAM result entry is missing
# [          7]: ERROR: SRAM result entry is missing
# [          8]: ERROR: SRAM result entry is missing
# [          9]: ERROR: SRAM result entry is missing
# [         10]: ERROR: SRAM result entry is missing
# [         11]: ERROR: SRAM result entry is missing
# [         12]: ERROR: SRAM result entry is missing
# [         13]: ERROR: SRAM result entry is missing
# [         14]: ERROR: SRAM result entry is missing
# [         15]: ERROR: SRAM result entry is missing
# ---------------- Checking the Key matrix result------------------  
# [         16]: ERROR: SRAM result entry is missing
# [         17]: ERROR: SRAM result entry is missing
# [         18]: ERROR: SRAM result entry is missing
# [         19]: ERROR: SRAM result entry is missing
# [         20]: ERROR: SRAM result entry is missing
# [         21]: ERROR: SRAM result entry is missing
# [         22]: ERROR: SRAM result entry is missing
# [         23]: ERROR: SRAM result entry is missing
# [         24]: ERROR: SRAM result entry is missing
# [         25]: ERROR: SRAM result entry is missing
# [         26]: ERROR: SRAM result entry is missing
# [         27]: ERROR: SRAM result entry is missing
# [         28]: ERROR: SRAM result entry is missing
# [         29]: ERROR: SRAM result entry is missing
# [         30]: ERROR: SRAM result entry is missing
# [         31]: ERROR: SRAM result entry is missing
# ---------------- Checking the Value matrix result------------------  
# [         32]: ERROR: SRAM result entry is missing
# [         33]: ERROR: SRAM result entry is missing
# [         34]: ERROR: SRAM result entry is missing
# [         35]: ERROR: SRAM result entry is missing
# [         36]: ERROR: SRAM result entry is missing
# [         37]: ERROR: SRAM result entry is missing
# [         38]: ERROR: SRAM result entry is missing
# [         39]: ERROR: SRAM result entry is missing
# [         40]: ERROR: SRAM result entry is missing
# [         41]: ERROR: SRAM result entry is missing
# [         42]: ERROR: SRAM result entry is missing
# [         43]: ERROR: SRAM result entry is missing
# [         44]: ERROR: SRAM result entry is missing
# [         45]: ERROR: SRAM result entry is missing
# [         46]: ERROR: SRAM result entry is missing
# [         47]: ERROR: SRAM result entry is missing
# ---------------- Checking the Score matrix result------------------  
# [         48]: ERROR: SRAM result entry is missing
# [         49]: ERROR: SRAM result entry is missing
# [         50]: ERROR: SRAM result entry is missing
# [         51]: ERROR: SRAM result entry is missing
# [         52]: ERROR: SRAM result entry is missing
# [         53]: ERROR: SRAM result entry is missing
# [         54]: ERROR: SRAM result entry is missing
# [         55]: ERROR: SRAM result entry is missing
# [         56]: ERROR: SRAM result entry is missing
# [         57]: ERROR: SRAM result entry is missing
# [         58]: ERROR: SRAM result entry is missing
# [         59]: ERROR: SRAM result entry is missing
# [         60]: ERROR: SRAM result entry is missing
# [         61]: ERROR: SRAM result entry is missing
# [         62]: ERROR: SRAM result entry is missing
# [         63]: ERROR: SRAM result entry is missing
# [         64]: ERROR: SRAM result entry is missing
# [         65]: ERROR: SRAM result entry is missing
# [         66]: ERROR: SRAM result entry is missing
# [         67]: ERROR: SRAM result entry is missing
# [         68]: ERROR: SRAM result entry is missing
# [         69]: ERROR: SRAM result entry is missing
# [         70]: ERROR: SRAM result entry is missing
# [         71]: ERROR: SRAM result entry is missing
# [         72]: ERROR: SRAM result entry is missing
# [         73]: ERROR: SRAM result entry is missing
# [         74]: ERROR: SRAM result entry is missing
# [         75]: ERROR: SRAM result entry is missing
# [         76]: ERROR: SRAM result entry is missing
# [         77]: ERROR: SRAM result entry is missing
# [         78]: ERROR: SRAM result entry is missing
# [         79]: ERROR: SRAM result entry is missing
# [         80]: ERROR: SRAM result entry is missing
# [         81]: ERROR: SRAM result entry is missing
# [         82]: ERROR: SRAM result entry is missing
# [         83]: ERROR: SRAM result entry is missing
# [         84]: ERROR: SRAM result entry is missing
# [         85]: ERROR: SRAM result entry is missing
# [         86]: ERROR: SRAM result entry is missing
# [         87]: ERROR: SRAM result entry is missing
# [         88]: ERROR: SRAM result entry is missing
# [         89]: ERROR: SRAM result entry is missing
# [         90]: ERROR: SRAM result entry is missing
# [         91]: ERROR: SRAM result entry is missing
# [         92]: ERROR: SRAM result entry is missing
# [         93]: ERROR: SRAM result entry is missing
# [         94]: ERROR: SRAM result entry is missing
# [         95]: ERROR: SRAM result entry is missing
# [         96]: ERROR: SRAM result entry is missing
# [         97]: ERROR: SRAM result entry is missing
# [         98]: ERROR: SRAM result entry is missing
# [         99]: ERROR: SRAM result entry is missing
# [        100]: ERROR: SRAM result entry is missing
# [        101]: ERROR: SRAM result entry is missing
# [        102]: ERROR: SRAM result entry is missing
# [        103]: ERROR: SRAM result entry is missing
# [        104]: ERROR: SRAM result entry is missing
# [        105]: ERROR: SRAM result entry is missing
# [        106]: ERROR: SRAM result entry is missing
# [        107]: ERROR: SRAM result entry is missing
# [        108]: ERROR: SRAM result entry is missing
# [        109]: ERROR: SRAM result entry is missing
# [        110]: ERROR: SRAM result entry is missing
# [        111]: ERROR: SRAM result entry is missing
# ---------------- Checking the Attention matrix result------------------  
# [        112]: ERROR: SRAM result entry is missing
# [        113]: ERROR: SRAM result entry is missing
# [        114]: ERROR: SRAM result entry is missing
# [        115]: ERROR: SRAM result entry is missing
# [        116]: ERROR: SRAM result entry is missing
# [        117]: ERROR: SRAM result entry is missing
# [        118]: ERROR: SRAM result entry is missing
# [        119]: ERROR: SRAM result entry is missing
# [        120]: ERROR: SRAM result entry is missing
# [        121]: ERROR: SRAM result entry is missing
# [        122]: ERROR: SRAM result entry is missing
# [        123]: ERROR: SRAM result entry is missing
# [        124]: ERROR: SRAM result entry is missing
# [        125]: ERROR: SRAM result entry is missing
# [        126]: ERROR: SRAM result entry is missing
# [        127]: ERROR: SRAM result entry is missing
# INFO:LVL0: ######## Running Test: 4 ########
# INFO: Reading memory file: ../inputs/proj_int_test_self_attn_4_input.dat
# INFO: Reading memory file: ../inputs/proj_int_test_self_attn_4_weight.dat
# INFO: reading ../inputs/proj_int_test_self_attn_4_result.dat
# INFO: Dimension of result matrix [          1,           8]
# ---------------- Checking the Query matrix result------------------  
# [          0]: ERROR: SRAM result entry is missing
# [          1]: ERROR: SRAM result entry is missing
# [          2]: ERROR: SRAM result entry is missing
# [          3]: ERROR: SRAM result entry is missing
# [          4]: ERROR: SRAM result entry is missing
# [          5]: ERROR: SRAM result entry is missing
# [          6]: ERROR: SRAM result entry is missing
# [          7]: ERROR: SRAM result entry is missing
# ---------------- Checking the Key matrix result------------------  
# [          8]: ERROR: SRAM result entry is missing
# [          9]: ERROR: SRAM result entry is missing
# [         10]: ERROR: SRAM result entry is missing
# [         11]: ERROR: SRAM result entry is missing
# [         12]: ERROR: SRAM result entry is missing
# [         13]: ERROR: SRAM result entry is missing
# [         14]: ERROR: SRAM result entry is missing
# [         15]: ERROR: SRAM result entry is missing
# ---------------- Checking the Value matrix result------------------  
# [         16]: ERROR: SRAM result entry is missing
# [         17]: ERROR: SRAM result entry is missing
# [         18]: ERROR: SRAM result entry is missing
# [         19]: ERROR: SRAM result entry is missing
# [         20]: ERROR: SRAM result entry is missing
# [         21]: ERROR: SRAM result entry is missing
# [         22]: ERROR: SRAM result entry is missing
# [         23]: ERROR: SRAM result entry is missing
# ---------------- Checking the Score matrix result------------------  
# [         24]: ERROR: SRAM result entry is missing
# ---------------- Checking the Attention matrix result------------------  
# [         25]: ERROR: SRAM result entry is missing
# [         26]: ERROR: SRAM result entry is missing
# [         27]: ERROR: SRAM result entry is missing
# [         28]: ERROR: SRAM result entry is missing
# [         29]: ERROR: SRAM result entry is missing
# [         30]: ERROR: SRAM result entry is missing
# [         31]: ERROR: SRAM result entry is missing
# [         32]: ERROR: SRAM result entry is missing
# ------------------------------------------------------------------------ 
# INFO: Total number of cases       : 4
# INFO: Total number of result pass : 0 / 217
# INFO: Final pass percentage       :   0.00
# INFO: Final Time Result           : 4600 ns
# INFO: Final Cycle Result          : 920 cycles
# 
# ** Note: $finish    : ../testbench/testbench.sv(451)
#    Time: 5340 ns  Iteration: 1  Instance: /tb_top
# End time: 20:22:56 on Nov 27,2024, Elapsed time: 0:00:04
# Errors: 0, Warnings: 1
