Information: Updating design information... (UID-85)
Information: Timing loop detected. (OPT-150)
	U1158/A U1158/ZN U2551/A2 U2551/ZN 
Information: Timing loop detected. (OPT-150)
	U204/B1 U204/ZN U1226/A1 U1226/ZN U1517/A1 U1517/ZN U1541/A1 U1541/ZN U1394/A U1394/ZN U2267/B U2267/CO U1214/A1 U1214/ZN U2248/B U2248/ZN U2361/A1 U2361/ZN U1568/A1 U1568/ZN U2423/B1 U2423/ZN U2551/B1 U2551/ZN 
Warning: Disabling timing arc between pins 'A' and 'ZN' on cell 'U1158'
         to break a timing loop. (OPT-314)
Warning: Disabling timing arc between pins 'B1' and 'ZN' on cell 'U204'
         to break a timing loop. (OPT-314)
 
****************************************
Report : timing
        -path full
        -delay max
        -max_paths 1
Design : MyDesign
Version: T-2022.03-SP4
Date   : Fri Nov 29 18:25:11 2024
****************************************

Operating Conditions: slow   Library: NangateOpenCellLibrary_PDKv1_2_v2008_10_slow_nldm
Wire Load Model Mode: top

  Startpoint: MAC/current_state_reg[0]
              (rising edge-triggered flip-flop clocked by clk)
  Endpoint: MAC/current_state_reg[0]
            (rising edge-triggered flip-flop clocked by clk)
  Path Group: clk
  Path Type: max

  Point                                                   Incr       Path
  --------------------------------------------------------------------------
  clock clk (rise edge)                                 0.0000     0.0000
  clock network delay (ideal)                           0.0000     0.0000
  MAC/current_state_reg[0]/CK (DFFR_X1)                 0.0000     0.0000 r
  MAC/current_state_reg[0]/Q (DFFR_X1)                  0.4880     0.4880 r
  U1724/ZN (NOR2_X1)                                    0.0918     0.5798 f
  U1217/ZN (NAND2_X1)                                   0.6548     1.2346 r
  U1233/ZN (OR2_X2)                                     0.4775     1.7121 r
  U1725/ZN (INV_X4)                                     0.1777     1.8898 f
  U204/ZN (AOI21_X1)                                    0.8138     2.7035 r
  U1224/ZN (OR3_X1)                                     0.3721     3.0757 r
  U2240/ZN (NOR2_X1)                                    0.0782     3.1539 f
  U2241/ZN (OAI22_X1)                                   0.3358     3.4897 r
  U1420/ZN (INV_X1)                                     0.1312     3.6209 f
  U1419/ZN (OR2_X1)                                     0.2681     3.8889 f
  U2312/CO (FA_X1)                                      0.4900     4.3789 f
  U2309/CO (FA_X1)                                      0.5172     4.8962 f
  U2306/CO (FA_X1)                                      0.5172     5.4134 f
  U2303/CO (FA_X1)                                      0.5172     5.9306 f
  U2300/CO (FA_X1)                                      0.5172     6.4479 f
  U2297/CO (FA_X1)                                      0.5172     6.9651 f
  U2293/CO (FA_X1)                                      0.5172     7.4824 f
  U2289/CO (FA_X1)                                      0.5172     7.9996 f
  U2286/CO (FA_X1)                                      0.5172     8.5169 f
  U2283/CO (FA_X1)                                      0.5172     9.0341 f
  U2280/CO (FA_X1)                                      0.5172     9.5513 f
  U2277/CO (FA_X1)                                      0.5122    10.0635 f
  U2245/ZN (NAND2_X1)                                   0.1828    10.2463 r
  U2246/ZN (NAND3_X1)                                   0.1440    10.3903 f
  U2270/CO (FA_X1)                                      0.4951    10.8854 f
  U2267/CO (FA_X1)                                      0.5113    11.3967 f
  U1214/ZN (NOR2_X2)                                    0.7035    12.1002 r
  U2340/Z (XOR2_X1)                                     0.5125    12.6127 r
  U2341/ZN (NAND2_X1)                                   0.1174    12.7301 f
  U2345/ZN (NOR2_X1)                                    0.1405    12.8706 r
  U2346/ZN (NAND2_X1)                                   0.0935    12.9641 f
  U2347/ZN (NOR2_X1)                                    0.2079    13.1720 r
  U1478/ZN (AND2_X1)                                    0.1633    13.3353 r
  U1477/ZN (AND2_X1)                                    0.1486    13.4839 r
  U1220/ZN (AND2_X1)                                    0.1467    13.6306 r
  U2354/ZN (NAND2_X1)                                   0.0677    13.6983 f
  U1506/ZN (OR2_X1)                                     0.2132    13.9116 f
  U1218/ZN (OR2_X1)                                     0.2803    14.1919 f
  U2361/ZN (NOR2_X1)                                    0.1930    14.3849 r
  U1568/ZN (AND2_X1)                                    0.1675    14.5525 r
  U2423/ZN (OAI21_X1)                                   0.0705    14.6229 f
  U2551/ZN (OAI22_X1)                                   0.5058    15.1288 r
  U2553/ZN (OAI21_X1)                                   0.1551    15.2839 f
  U2554/ZN (NAND2_X1)                                   0.1534    15.4372 r
  U2566/ZN (NAND3_X1)                                   0.0903    15.5276 f
  MAC/current_state_reg[0]/D (DFFR_X1)                  0.0000    15.5276 f
  data arrival time                                               15.5276

  clock clk (rise edge)                                16.1000    16.1000
  clock network delay (ideal)                           0.0000    16.1000
  clock uncertainty                                    -0.0500    16.0500
  MAC/current_state_reg[0]/CK (DFFR_X1)                 0.0000    16.0500 r
  library setup time                                   -0.4344    15.6156
  data required time                                              15.6156
  --------------------------------------------------------------------------
  data required time                                              15.6156
  data arrival time                                              -15.5276
  --------------------------------------------------------------------------
  slack (MET)                                                      0.0881


1
